<?xml version="1.0" encoding="UTF-8"?>
<!-- Generated by org.testng.reporters.JUnitReportReporter -->
<testsuite skipped="0" hostname="INPUDPPATIL1" name="com.pageFactory.Actions.LoginPage_Test" tests="1" failures="0" timestamp="05 Feb 2018 09:26:12 GMT" time="18.634" errors="0">
  <testcase name="signIn" time="18.634" classname="com.pageFactory.Actions.LoginPage_Test"/>
</testsuite> <!-- com.pageFactory.Actions.LoginPage_Test -->
