<?xml version="1.0" encoding="UTF-8"?>
<!-- Generated by org.testng.reporters.JUnitReportReporter -->
<testsuite skipped="0" hostname="INPUDPPATIL1" name="com.pageFactory.Actions.HomePage_Test" tests="1" failures="0" timestamp="05 Feb 2018 09:26:12 GMT" time="30.350" errors="0">
  <testcase name="createBlankSpace" time="30.350" classname="com.pageFactory.Actions.HomePage_Test"/>
</testsuite> <!-- com.pageFactory.Actions.HomePage_Test -->
