<?xml version="1.0" encoding="UTF-8"?>
<!-- Generated by org.testng.reporters.JUnitReportReporter -->
<testsuite skipped="0" hostname="INPUDPPATIL1" name="com.test.actionTest.Home_pageObject" tests="1" failures="0" timestamp="31 Jan 2018 04:44:13 GMT" time="0.004" errors="0">
  <testcase name="testLoginNOK" time="0.004" classname="com.test.actionTest.Home_pageObject"/>
</testsuite> <!-- com.test.actionTest.Home_pageObject -->
