<?xml version="1.0" encoding="UTF-8"?>
<!-- Generated by org.testng.reporters.JUnitReportReporter -->
<testsuite skipped="0" hostname="INPUDPPATIL1" name="com.pageFactory.Actions.CreatePage_Test" tests="1" failures="0" timestamp="05 Feb 2018 05:36:20 GMT" time="43.583" errors="0">
  <testcase name="createPage" time="43.583" classname="com.pageFactory.Actions.CreatePage_Test"/>
</testsuite> <!-- com.pageFactory.Actions.CreatePage_Test -->
